#===========================================================================================
#  DOMAIN MAPPER v3.0.2
#  Johns Hopkins Univeristy - September 22nd, 2022
#  Edgar Manriquez-Sandoval, M.S. - Dept. of Biophysics
#  emanriq1@jhu.edu
#  & 
#  Stephen D. Fried, Ph.D. - Dept. of Chemistry
#  sdfried@jhu.edu
#===========================================================================================
#  Excecuted on:
#               2023-04-24 16:57:39.452521
#  Input HMM: 
#               C110.fasta_hmmscan_output.hmm.out
#  Output:
#               C110.fasta_hmmscan_output.mapped.out
#  Options:
#               Intra domain gap = 30
#               Inter domain gap = 30
#               overlap = 40
#               E-value cutoff = 1.00e-05
#  Domain Counts:
#               Total Proteins:      9         Total Domains:       3
#                                                        NC :   0 (0.00%)
#                                                        CP :   0 (0.00%)
#                                                        IS :   0 (0.00%)
#  Property Definitions:
#               CP = Circular Permutant Domain
#               NC = Non-Contiguous Domain
#               IS = InSertional Domain
#===========================================================================================
# Accession	E-Value	Residue Range	Property	Architecture	X-group	T-group	F-group	F-id
UniRef100_A0A7C2VAZ9	4.00e-06	36-60		a+b two layers	Uncharacterized protein YPO2434	Uncharacterized protein YPO2434	KTSC	3933.1.1.1	
UniRef100_A0A3M2AQT3	8.60e-06	44-77		beta barrels	SH3	SH3	SH3_3	4.1.1.251	
UniRef100_A0A3M1BKK3	4.90e-06	36-60		a+b two layers	Uncharacterized protein YPO2434	Uncharacterized protein YPO2434	KTSC	3933.1.1.1	
