#===========================================================================================
#  DOMAIN MAPPER v3.0.2
#  Johns Hopkins Univeristy - September 22nd, 2022
#  Edgar Manriquez-Sandoval, M.S. - Dept. of Biophysics
#  emanriq1@jhu.edu
#  & 
#  Stephen D. Fried, Ph.D. - Dept. of Chemistry
#  sdfried@jhu.edu
#===========================================================================================
#  Excecuted on:
#               2023-04-24 16:58:02.519963
#  Input HMM: 
#               C133.fasta_hmmscan_output.hmm.out
#  Output:
#               C133.fasta_hmmscan_output.mapped.out
#  Options:
#               Intra domain gap = 30
#               Inter domain gap = 30
#               overlap = 40
#               E-value cutoff = 1.00e-05
#  Domain Counts:
#               Total Proteins:      2         Total Domains:       5
#                                                        NC :   2 (40.00%)
#                                                        CP :   0 (0.00%)
#                                                        IS :   1 (20.00%)
#  Property Definitions:
#               CP = Circular Permutant Domain
#               NC = Non-Contiguous Domain
#               IS = InSertional Domain
#===========================================================================================
# Accession	E-Value	Residue Range	Property	Architecture	X-group	T-group	F-group	F-id
UniRef100_A0A3B1DQF9	5.37e-27	136-246,339-413	NC	alpha bundles	Calcium ATPase transmembrane domain-related	Calcium ATPase transmembrane domain M	Cation_ATPase_C	5073.1.1.14	
UniRef100_A0A3B1DQF9	9.00e-34	248-309,342-375	NC IS	beta sandwiches	jelly-roll	Calcium ATPase, transduction domain A	E1-E2_ATPase_N	10.13.1.2	
UniRef100_A0A3N5SKC9	4.80e-19	129-241		alpha bundles	Calcium ATPase transmembrane domain-related	Calcium ATPase transmembrane domain M	Cation_ATPase_C	5073.1.1.14	
UniRef100_A0A3N5SKC9	1.60e-31	241-349		beta sandwiches	jelly-roll	Calcium ATPase, transduction domain A	E1-E2_ATPase_N	10.13.1.2	
UniRef100_A0A3N5SKC9	7.80e-26	313-428		alpha bundles	Calcium ATPase transmembrane domain-related	Calcium ATPase transmembrane domain M	Cation_ATPase_C	5073.1.1.14	
