#===========================================================================================
#  DOMAIN MAPPER v3.0.2
#  Johns Hopkins Univeristy - September 22nd, 2022
#  Edgar Manriquez-Sandoval, M.S. - Dept. of Biophysics
#  emanriq1@jhu.edu
#  & 
#  Stephen D. Fried, Ph.D. - Dept. of Chemistry
#  sdfried@jhu.edu
#===========================================================================================
#  Excecuted on:
#               2023-04-24 16:59:08.584613
#  Input HMM: 
#               C201.fasta_hmmscan_output.hmm.out
#  Output:
#               C201.fasta_hmmscan_output.mapped.out
#  Options:
#               Intra domain gap = 30
#               Inter domain gap = 30
#               overlap = 40
#               E-value cutoff = 1.00e-05
#  Domain Counts:
#               Total Proteins:      1         Total Domains:       4
#                                                        NC :   2 (50.00%)
#                                                        CP :   1 (25.00%)
#                                                        IS :   2 (50.00%)
#  Property Definitions:
#               CP = Circular Permutant Domain
#               NC = Non-Contiguous Domain
#               IS = InSertional Domain
#===========================================================================================
# Accession	E-Value	Residue Range	Property	Architecture	X-group	T-group	F-group	F-id
UniRef100_A0A1Q4RIU1	8.79e-110	130-241,311-447,770-1018	CP NC	alpha bundles	Calcium ATPase transmembrane domain-related	Calcium ATPase transmembrane domain M	Cation_ATPase_C	5073.1.1.14	
UniRef100_A0A1Q4RIU1	2.40e-34	242-350		beta sandwiches	jelly-roll	Calcium ATPase, transduction domain A	E1-E2_ATPase_N	10.13.1.2	
UniRef100_A0A1Q4RIU1	3.10e-44	447-461,661-806	IS NC	a/b three-layered sandwiches	HAD domain-like	HAD-like	Hydrolase_3_1	2006.1.1.42	
UniRef100_A0A1Q4RIU1	8.10e-41	462-662	IS	a+b complex topology	Metal cation-transporting ATPase, ATP-binding domain	Metal cation-transporting ATPase, ATP-binding domain	Cation_ATPase	267.1.1.3	
