#===========================================================================================
#  DOMAIN MAPPER v3.0.2
#  Johns Hopkins Univeristy - September 22nd, 2022
#  Edgar Manriquez-Sandoval, M.S. - Dept. of Biophysics
#  emanriq1@jhu.edu
#  & 
#  Stephen D. Fried, Ph.D. - Dept. of Chemistry
#  sdfried@jhu.edu
#===========================================================================================
#  Excecuted on:
#               2023-04-24 16:59:13.379319
#  Input HMM: 
#               C204.fasta_hmmscan_output.hmm.out
#  Output:
#               C204.fasta_hmmscan_output.mapped.out
#  Options:
#               Intra domain gap = 30
#               Inter domain gap = 30
#               overlap = 40
#               E-value cutoff = 1.00e-05
#  Domain Counts:
#               Total Proteins:     18         Total Domains:       3
#                                                        NC :   0 (0.00%)
#                                                        CP :   0 (0.00%)
#                                                        IS :   0 (0.00%)
#  Property Definitions:
#               CP = Circular Permutant Domain
#               NC = Non-Contiguous Domain
#               IS = InSertional Domain
#===========================================================================================
# Accession	E-Value	Residue Range	Property	Architecture	X-group	T-group	F-group	F-id
UniRef100_A0A023CZP7	6.40e-06	26-66		a+b two layers	Alpha-beta plaits	HMA, heavy metal-associated domain	HMA	304.3.1.7	
UniRef100_A0A366XT82	4.90e-06	31-69		a+b two layers	Alpha-beta plaits	HMA, heavy metal-associated domain	HMA	304.3.1.7	
UniRef100_A0A366XT82	6.30e-06	49-84		beta sandwiches	Immunoglobulin-like beta-sandwich	Prealbumin-like	Fimbrillin_C_like	11.1.4.96	
