#===========================================================================================
#  DOMAIN MAPPER v3.0.2
#  Johns Hopkins Univeristy - September 22nd, 2022
#  Edgar Manriquez-Sandoval, M.S. - Dept. of Biophysics
#  emanriq1@jhu.edu
#  & 
#  Stephen D. Fried, Ph.D. - Dept. of Chemistry
#  sdfried@jhu.edu
#===========================================================================================
#  Excecuted on:
#               2023-04-24 17:00:50.838727
#  Input HMM: 
#               C286.fasta_hmmscan_output.hmm.out
#  Output:
#               C286.fasta_hmmscan_output.mapped.out
#  Options:
#               Intra domain gap = 30
#               Inter domain gap = 30
#               overlap = 40
#               E-value cutoff = 1.00e-05
#  Domain Counts:
#               Total Proteins:      1         Total Domains:       3
#                                                        NC :   0 (0.00%)
#                                                        CP :   0 (0.00%)
#                                                        IS :   0 (0.00%)
#  Property Definitions:
#               CP = Circular Permutant Domain
#               NC = Non-Contiguous Domain
#               IS = InSertional Domain
#===========================================================================================
# Accession	E-Value	Residue Range	Property	Architecture	X-group	T-group	F-group	F-id
UniRef100_A0A1E3S7X9	3.30e-06	60-103		a+b two layers	Alpha-beta plaits	HMA, heavy metal-associated domain	HMA	304.3.1.7	
UniRef100_A0A1E3S7X9	1.20e-18	191-261		a/b three-layered sandwiches	HAD domain-like	HAD-like	Hydrolase_3_1	2006.1.1.42	
UniRef100_A0A1E3S7X9	3.00e-18	247-330		alpha bundles	Calcium ATPase transmembrane domain-related	Calcium ATPase transmembrane domain M	Cation_ATPase_C	5073.1.1.14	
