#===========================================================================================
#  DOMAIN MAPPER v3.0.2
#  Johns Hopkins Univeristy - September 22nd, 2022
#  Edgar Manriquez-Sandoval, M.S. - Dept. of Biophysics
#  emanriq1@jhu.edu
#  & 
#  Stephen D. Fried, Ph.D. - Dept. of Chemistry
#  sdfried@jhu.edu
#===========================================================================================
#  Excecuted on:
#               2023-04-24 17:00:59.808006
#  Input HMM: 
#               C297.fasta_hmmscan_output.hmm.out
#  Output:
#               C297.fasta_hmmscan_output.mapped.out
#  Options:
#               Intra domain gap = 30
#               Inter domain gap = 30
#               overlap = 40
#               E-value cutoff = 1.00e-05
#  Domain Counts:
#               Total Proteins:      2         Total Domains:       6
#                                                        NC :   2 (33.33%)
#                                                        CP :   0 (0.00%)
#                                                        IS :   2 (33.33%)
#  Property Definitions:
#               CP = Circular Permutant Domain
#               NC = Non-Contiguous Domain
#               IS = InSertional Domain
#===========================================================================================
# Accession	E-Value	Residue Range	Property	Architecture	X-group	T-group	F-group	F-id
UniRef100_A0A1D8GKE3	9.90e-11	132-191,283-404	NC	alpha bundles	Calcium ATPase transmembrane domain-related	Copper efflux ATPase transmembrane domain	E1-E2_ATPase_C	5073.1.2.3	
UniRef100_A0A1D8GKE3	1.30e-21	229-318	IS	beta sandwiches	jelly-roll	Calcium ATPase, transduction domain A	E1-E2_ATPase_N	10.13.1.2	
UniRef100_A0A1D8GKE3	4.50e-30	409-545		a/b three-layered sandwiches	HAD domain-like	HAD-like	Hydrolase_3_1	2006.1.1.42	
UniRef100_A0A1M6MK54	2.10e-11	132-190,282-392	NC	alpha bundles	Calcium ATPase transmembrane domain-related	Copper efflux ATPase transmembrane domain	E1-E2_ATPase_C	5073.1.2.3	
UniRef100_A0A1M6MK54	3.40e-22	228-317	IS	beta sandwiches	jelly-roll	Calcium ATPase, transduction domain A	E1-E2_ATPase_N	10.13.1.2	
UniRef100_A0A1M6MK54	9.20e-29	408-544		a/b three-layered sandwiches	HAD domain-like	HAD-like	Hydrolase_3_1	2006.1.1.42	
