#===========================================================================================
#  DOMAIN MAPPER v3.0.2
#  Johns Hopkins Univeristy - September 22nd, 2022
#  Edgar Manriquez-Sandoval, M.S. - Dept. of Biophysics
#  emanriq1@jhu.edu
#  & 
#  Stephen D. Fried, Ph.D. - Dept. of Chemistry
#  sdfried@jhu.edu
#===========================================================================================
#  Excecuted on:
#               2023-04-24 17:01:01.352308
#  Input HMM: 
#               C298.fasta_hmmscan_output.hmm.out
#  Output:
#               C298.fasta_hmmscan_output.mapped.out
#  Options:
#               Intra domain gap = 30
#               Inter domain gap = 30
#               overlap = 40
#               E-value cutoff = 1.00e-05
#  Domain Counts:
#               Total Proteins:      7         Total Domains:       5
#                                                        NC :   0 (0.00%)
#                                                        CP :   0 (0.00%)
#                                                        IS :   0 (0.00%)
#  Property Definitions:
#               CP = Circular Permutant Domain
#               NC = Non-Contiguous Domain
#               IS = InSertional Domain
#===========================================================================================
# Accession	E-Value	Residue Range	Property	Architecture	X-group	T-group	F-group	F-id
UniRef100_A0A2V2ST91	7.80e-07	38-76		a+b two layers	Alpha-beta plaits	HMA, heavy metal-associated domain	HMA	304.3.1.7	
UniRef100_A0A2V6WMX9	3.00e-07	34-74		a+b two layers	Alpha-beta plaits	HMA, heavy metal-associated domain	HMA	304.3.1.7	
UniRef100_A0A2V6Q1W4	2.50e-07	28-70		a+b two layers	Alpha-beta plaits	HMA, heavy metal-associated domain	HMA	304.3.1.7	
UniRef100_A0A538R1S0	8.60e-09	22-69		a+b two layers	Glucose permease domain IIB-like	PH0987 N-terminal domain-like	CT_C_D_N	306.6.1.2	
UniRef100_A0A2V7B4L6	5.20e-06	29-74		a+b two layers	Alpha-beta plaits	HMA, heavy metal-associated domain	HMA	304.3.1.7	
