#===========================================================================================
#  DOMAIN MAPPER v3.0.2
#  Johns Hopkins Univeristy - September 22nd, 2022
#  Edgar Manriquez-Sandoval, M.S. - Dept. of Biophysics
#  emanriq1@jhu.edu
#  & 
#  Stephen D. Fried, Ph.D. - Dept. of Chemistry
#  sdfried@jhu.edu
#===========================================================================================
#  Excecuted on:
#               2023-04-24 17:05:12.653263
#  Input HMM: 
#               C514.fasta_hmmscan_output.hmm.out
#  Output:
#               C514.fasta_hmmscan_output.mapped.out
#  Options:
#               Intra domain gap = 30
#               Inter domain gap = 30
#               overlap = 40
#               E-value cutoff = 1.00e-05
#  Domain Counts:
#               Total Proteins:      1         Total Domains:       2
#                                                        NC :   0 (0.00%)
#                                                        CP :   0 (0.00%)
#                                                        IS :   0 (0.00%)
#  Property Definitions:
#               CP = Circular Permutant Domain
#               NC = Non-Contiguous Domain
#               IS = InSertional Domain
#===========================================================================================
# Accession	E-Value	Residue Range	Property	Architecture	X-group	T-group	F-group	F-id
UniRef100_A0A0S3UCN3	1.60e-29	20-129		a/b three-layered sandwiches	Flavodoxin-like	Phosphofructokinase N-terminal domain	DAGK_cat	2007.1.4.1	
UniRef100_A0A0S3UCN3	1.10e-30	141-314		beta sandwiches	NAD kinase beta sandwich domain-like	NAD kinase beta sandwich domain-like	DAGK_acc	4004.1.1.4	
