#===========================================================================================
#  DOMAIN MAPPER v3.0.2
#  Johns Hopkins Univeristy - September 22nd, 2022
#  Edgar Manriquez-Sandoval, M.S. - Dept. of Biophysics
#  emanriq1@jhu.edu
#  & 
#  Stephen D. Fried, Ph.D. - Dept. of Chemistry
#  sdfried@jhu.edu
#===========================================================================================
#  Excecuted on:
#               2023-04-24 17:05:24.026814
#  Input HMM: 
#               C519.fasta_hmmscan_output.hmm.out
#  Output:
#               C519.fasta_hmmscan_output.mapped.out
#  Options:
#               Intra domain gap = 30
#               Inter domain gap = 30
#               overlap = 40
#               E-value cutoff = 1.00e-05
#  Domain Counts:
#               Total Proteins:      1         Total Domains:       1
#                                                        NC :   0 (0.00%)
#                                                        CP :   0 (0.00%)
#                                                        IS :   0 (0.00%)
#  Property Definitions:
#               CP = Circular Permutant Domain
#               NC = Non-Contiguous Domain
#               IS = InSertional Domain
#===========================================================================================
# Accession	E-Value	Residue Range	Property	Architecture	X-group	T-group	F-group	F-id
UniRef100_A0A2K8T6N3	1.70e-06	207-246		a+b two layers	ssDNA-binding transcriptional regulator domain-like	ssDNA-binding transcriptional regulator domain	EUF08323	295.1.1.8	
