#===========================================================================================
#  DOMAIN MAPPER v3.0.2
#  Johns Hopkins Univeristy - September 22nd, 2022
#  Edgar Manriquez-Sandoval, M.S. - Dept. of Biophysics
#  emanriq1@jhu.edu
#  & 
#  Stephen D. Fried, Ph.D. - Dept. of Chemistry
#  sdfried@jhu.edu
#===========================================================================================
#  Excecuted on:
#               2023-04-24 17:05:26.983055
#  Input HMM: 
#               C521.fasta_hmmscan_output.hmm.out
#  Output:
#               C521.fasta_hmmscan_output.mapped.out
#  Options:
#               Intra domain gap = 30
#               Inter domain gap = 30
#               overlap = 40
#               E-value cutoff = 1.00e-05
#  Domain Counts:
#               Total Proteins:      6         Total Domains:      12
#                                                        NC :   0 (0.00%)
#                                                        CP :   0 (0.00%)
#                                                        IS :   0 (0.00%)
#  Property Definitions:
#               CP = Circular Permutant Domain
#               NC = Non-Contiguous Domain
#               IS = InSertional Domain
#===========================================================================================
# Accession	E-Value	Residue Range	Property	Architecture	X-group	T-group	F-group	F-id
UniRef100_E3FPA8	4.80e-47	111-408		alpha bundles	Type II ABC exporter transmembrane domain fold	Type I ABC exporter transmembrane domain fold	ABC_membrane	1075.4.1.1	
UniRef100_E3FPA8	3.30e-88	427-663		a/b three-layered sandwiches	P-loop domains-like	P-loop containing nucleoside triphosphate hydrolases	ABC_tran_1	2004.1.1.1405	
UniRef100_A0A5S3UZS9	2.50e-38	138-440		alpha bundles	Type II ABC exporter transmembrane domain fold	Type I ABC exporter transmembrane domain fold	ABC_membrane	1075.4.1.1	
UniRef100_A0A5S3UZS9	9.40e-87	457-693		a/b three-layered sandwiches	P-loop domains-like	P-loop containing nucleoside triphosphate hydrolases	ABC_tran_1	2004.1.1.1405	
UniRef100_A0A0K1EEA8	9.40e-42	116-425		alpha bundles	Type II ABC exporter transmembrane domain fold	Type I ABC exporter transmembrane domain fold	ABC_membrane	1075.4.1.1	
UniRef100_A0A0K1EEA8	7.70e-92	441-678		a/b three-layered sandwiches	P-loop domains-like	P-loop containing nucleoside triphosphate hydrolases	ABC_tran_1	2004.1.1.1405	
UniRef100_A0A0H4WM09	1.40e-45	112-421		alpha bundles	Type II ABC exporter transmembrane domain fold	Type I ABC exporter transmembrane domain fold	ABC_membrane	1075.4.1.1	
UniRef100_A0A0H4WM09	1.60e-89	439-674		a/b three-layered sandwiches	P-loop domains-like	P-loop containing nucleoside triphosphate hydrolases	ABC_tran_1	2004.1.1.1405	
UniRef100_C1F4Q0	9.80e-46	104-426		alpha bundles	Type II ABC exporter transmembrane domain fold	Type I ABC exporter transmembrane domain fold	ABC_membrane	1075.4.1.1	
UniRef100_C1F4Q0	1.10e-89	442-679		a/b three-layered sandwiches	P-loop domains-like	P-loop containing nucleoside triphosphate hydrolases	ABC_tran_1	2004.1.1.1405	
UniRef100_A0A068PC30	5.80e-45	129-435		alpha bundles	Type II ABC exporter transmembrane domain fold	Type I ABC exporter transmembrane domain fold	ABC_membrane	1075.4.1.1	
UniRef100_A0A068PC30	2.00e-84	451-688		a/b three-layered sandwiches	P-loop domains-like	P-loop containing nucleoside triphosphate hydrolases	ABC_tran_1	2004.1.1.1405	
