#===========================================================================================
#  DOMAIN MAPPER v3.0.2
#  Johns Hopkins Univeristy - September 22nd, 2022
#  Edgar Manriquez-Sandoval, M.S. - Dept. of Biophysics
#  emanriq1@jhu.edu
#  & 
#  Stephen D. Fried, Ph.D. - Dept. of Chemistry
#  sdfried@jhu.edu
#===========================================================================================
#  Excecuted on:
#               2023-04-24 17:05:30.363952
#  Input HMM: 
#               C522.fasta_hmmscan_output.hmm.out
#  Output:
#               C522.fasta_hmmscan_output.mapped.out
#  Options:
#               Intra domain gap = 30
#               Inter domain gap = 30
#               overlap = 40
#               E-value cutoff = 1.00e-05
#  Domain Counts:
#               Total Proteins:     20         Total Domains:       4
#                                                        NC :   0 (0.00%)
#                                                        CP :   0 (0.00%)
#                                                        IS :   0 (0.00%)
#  Property Definitions:
#               CP = Circular Permutant Domain
#               NC = Non-Contiguous Domain
#               IS = InSertional Domain
#===========================================================================================
# Accession	E-Value	Residue Range	Property	Architecture	X-group	T-group	F-group	F-id
UniRef100_A0A0R1MDS8	9.90e-06	9-62		alpha bundles	Spectrin repeat-like	Alpha-hemoglobin stabilizing protein AHSP	AHSP	604.4.1.1	
UniRef100_A0A7X2M0X4	3.10e-06	70-119		a/b three-layered sandwiches	Rossmann-like	S-adenosyl-L-methionine-dependent methyltransferases	LCM	2003.1.5.17	
UniRef100_A0A3D8YV27	6.40e-06	43-124		alpha arrays	ERP29 C domain-like	GatB/GatE C-terminal domain	tRNA_synt_1c_R1	610.3.1.14	
UniRef100_A0A0J6D311	6.30e-06	60-128		few secondary structure elements	Regulator of transcription protein Rtr1	Regulator of transcription protein Rtr1	RPAP2_Rtr1	3371.1.1.1	
