#===========================================================================================
#  DOMAIN MAPPER v3.0.2
#  Johns Hopkins Univeristy - September 22nd, 2022
#  Edgar Manriquez-Sandoval, M.S. - Dept. of Biophysics
#  emanriq1@jhu.edu
#  & 
#  Stephen D. Fried, Ph.D. - Dept. of Chemistry
#  sdfried@jhu.edu
#===========================================================================================
#  Excecuted on:
#               2023-04-24 17:05:53.296527
#  Input HMM: 
#               C540.fasta_hmmscan_output.hmm.out
#  Output:
#               C540.fasta_hmmscan_output.mapped.out
#  Options:
#               Intra domain gap = 30
#               Inter domain gap = 30
#               overlap = 40
#               E-value cutoff = 1.00e-05
#  Domain Counts:
#               Total Proteins:      1         Total Domains:       2
#                                                        NC :   0 (0.00%)
#                                                        CP :   0 (0.00%)
#                                                        IS :   0 (0.00%)
#  Property Definitions:
#               CP = Circular Permutant Domain
#               NC = Non-Contiguous Domain
#               IS = InSertional Domain
#===========================================================================================
# Accession	E-Value	Residue Range	Property	Architecture	X-group	T-group	F-group	F-id
UniRef100_A0A649UR99	8.90e-46	169-485		alpha bundles	Type II ABC exporter transmembrane domain fold	Type I ABC exporter transmembrane domain fold	ABC_membrane	1075.4.1.1	
UniRef100_A0A649UR99	6.90e-85	506-744		a/b three-layered sandwiches	P-loop domains-like	P-loop containing nucleoside triphosphate hydrolases	ABC_tran_1	2004.1.1.1405	
