#===========================================================================================
#  DOMAIN MAPPER v3.0.2
#  Johns Hopkins Univeristy - September 22nd, 2022
#  Edgar Manriquez-Sandoval, M.S. - Dept. of Biophysics
#  emanriq1@jhu.edu
#  & 
#  Stephen D. Fried, Ph.D. - Dept. of Chemistry
#  sdfried@jhu.edu
#===========================================================================================
#  Excecuted on:
#               2023-04-24 17:06:43.128028
#  Input HMM: 
#               C587.fasta_hmmscan_output.hmm.out
#  Output:
#               C587.fasta_hmmscan_output.mapped.out
#  Options:
#               Intra domain gap = 30
#               Inter domain gap = 30
#               overlap = 40
#               E-value cutoff = 1.00e-05
#  Domain Counts:
#               Total Proteins:      1         Total Domains:       2
#                                                        NC :   1 (50.00%)
#                                                        CP :   0 (0.00%)
#                                                        IS :   1 (50.00%)
#  Property Definitions:
#               CP = Circular Permutant Domain
#               NC = Non-Contiguous Domain
#               IS = InSertional Domain
#===========================================================================================
# Accession	E-Value	Residue Range	Property	Architecture	X-group	T-group	F-group	F-id
UniRef100_A0A6B1PT74	1.00e-14	127-180,270-323	NC	alpha bundles	Calcium ATPase transmembrane domain-related	Copper efflux ATPase transmembrane domain	E1-E2_ATPase_C	5073.1.2.3	
UniRef100_A0A6B1PT74	1.60e-26	213-306	IS	beta sandwiches	jelly-roll	Calcium ATPase, transduction domain A	E1-E2_ATPase_N	10.13.1.2	
