#===========================================================================================
#  DOMAIN MAPPER v3.0.2
#  Johns Hopkins Univeristy - September 22nd, 2022
#  Edgar Manriquez-Sandoval, M.S. - Dept. of Biophysics
#  emanriq1@jhu.edu
#  & 
#  Stephen D. Fried, Ph.D. - Dept. of Chemistry
#  sdfried@jhu.edu
#===========================================================================================
#  Excecuted on:
#               2023-04-24 17:07:02.369034
#  Input HMM: 
#               C601.fasta_hmmscan_output.hmm.out
#  Output:
#               C601.fasta_hmmscan_output.mapped.out
#  Options:
#               Intra domain gap = 30
#               Inter domain gap = 30
#               overlap = 40
#               E-value cutoff = 1.00e-05
#  Domain Counts:
#               Total Proteins:     23         Total Domains:       2
#                                                        NC :   0 (0.00%)
#                                                        CP :   0 (0.00%)
#                                                        IS :   0 (0.00%)
#  Property Definitions:
#               CP = Circular Permutant Domain
#               NC = Non-Contiguous Domain
#               IS = InSertional Domain
#===========================================================================================
# Accession	E-Value	Residue Range	Property	Architecture	X-group	T-group	F-group	F-id
UniRef100_A0A3D8YV28	3.10e-06	22-79		beta sandwiches	jelly-roll	Double-stranded beta-helix	Tet_JBP	10.12.1.51	
UniRef100_A0A074LN14	9.80e-06	70-95		alpha superhelices	Repetitive alpha hairpins	Glutathione S-transferase (GST)-C	GST_C_2	109.1.1.51	
