#===========================================================================================
#  DOMAIN MAPPER v3.0.2
#  Johns Hopkins Univeristy - September 22nd, 2022
#  Edgar Manriquez-Sandoval, M.S. - Dept. of Biophysics
#  emanriq1@jhu.edu
#  & 
#  Stephen D. Fried, Ph.D. - Dept. of Chemistry
#  sdfried@jhu.edu
#===========================================================================================
#  Excecuted on:
#               2023-04-24 17:07:05.116732
#  Input HMM: 
#               C604.fasta_hmmscan_output.hmm.out
#  Output:
#               C604.fasta_hmmscan_output.mapped.out
#  Options:
#               Intra domain gap = 30
#               Inter domain gap = 30
#               overlap = 40
#               E-value cutoff = 1.00e-05
#  Domain Counts:
#               Total Proteins:      5         Total Domains:       3
#                                                        NC :   0 (0.00%)
#                                                        CP :   0 (0.00%)
#                                                        IS :   0 (0.00%)
#  Property Definitions:
#               CP = Circular Permutant Domain
#               NC = Non-Contiguous Domain
#               IS = InSertional Domain
#===========================================================================================
# Accession	E-Value	Residue Range	Property	Architecture	X-group	T-group	F-group	F-id
UniRef100_A0A662ZLY5	5.40e-06	63-106		a/b barrels	TIM beta/alpha-barrel	TIM barrels	ComA	2002.1.1.31	
UniRef100_A0A1T4W0S7	5.80e-06	23-71		a+b two layers	Alpha-beta plaits	GlnB-like	DUF3240	304.5.1.6	
UniRef100_R5EHL9	7.20e-06	125-192		alpha arrays	Transmembrane domain of envelope protein E	Transmembrane domain of envelope protein E	flavi_E_stem	6072.1.1.1	
