#===========================================================================================
#  DOMAIN MAPPER v3.0.2
#  Johns Hopkins Univeristy - September 22nd, 2022
#  Edgar Manriquez-Sandoval, M.S. - Dept. of Biophysics
#  emanriq1@jhu.edu
#  & 
#  Stephen D. Fried, Ph.D. - Dept. of Chemistry
#  sdfried@jhu.edu
#===========================================================================================
#  Excecuted on:
#               2023-04-24 17:07:10.981667
#  Input HMM: 
#               C611.fasta_hmmscan_output.hmm.out
#  Output:
#               C611.fasta_hmmscan_output.mapped.out
#  Options:
#               Intra domain gap = 30
#               Inter domain gap = 30
#               overlap = 40
#               E-value cutoff = 1.00e-05
#  Domain Counts:
#               Total Proteins:      1         Total Domains:       3
#                                                        NC :   2 (66.67%)
#                                                        CP :   0 (0.00%)
#                                                        IS :   2 (66.67%)
#  Property Definitions:
#               CP = Circular Permutant Domain
#               NC = Non-Contiguous Domain
#               IS = InSertional Domain
#===========================================================================================
# Accession	E-Value	Residue Range	Property	Architecture	X-group	T-group	F-group	F-id
UniRef100_A0A562GRU7	2.06e-19	137-341,595-659	NC	alpha bundles	Calcium ATPase transmembrane domain-related	Copper efflux ATPase transmembrane domain	E1-E2_ATPase_C	5073.1.2.3	
UniRef100_A0A562GRU7	9.40e-34	356-370,488-606	NC IS	a/b three-layered sandwiches	HAD domain-like	HAD-like	Hydrolase_3_1	2006.1.1.42	
UniRef100_A0A562GRU7	1.20e-25	371-487	IS	a+b complex topology	Metal cation-transporting ATPase, ATP-binding domain	Metal cation-transporting ATPase, ATP-binding domain	P-type_ATPase_Cu-like	267.1.1.5	
