#===========================================================================================
#  DOMAIN MAPPER v3.0.2
#  Johns Hopkins Univeristy - September 22nd, 2022
#  Edgar Manriquez-Sandoval, M.S. - Dept. of Biophysics
#  emanriq1@jhu.edu
#  & 
#  Stephen D. Fried, Ph.D. - Dept. of Chemistry
#  sdfried@jhu.edu
#===========================================================================================
#  Excecuted on:
#               2023-04-24 17:07:15.507384
#  Input HMM: 
#               C617.fasta_hmmscan_output.hmm.out
#  Output:
#               C617.fasta_hmmscan_output.mapped.out
#  Options:
#               Intra domain gap = 30
#               Inter domain gap = 30
#               overlap = 40
#               E-value cutoff = 1.00e-05
#  Domain Counts:
#               Total Proteins:      1         Total Domains:       4
#                                                        NC :   1 (25.00%)
#                                                        CP :   0 (0.00%)
#                                                        IS :   0 (0.00%)
#  Property Definitions:
#               CP = Circular Permutant Domain
#               NC = Non-Contiguous Domain
#               IS = InSertional Domain
#===========================================================================================
# Accession	E-Value	Residue Range	Property	Architecture	X-group	T-group	F-group	F-id
UniRef100_A0A317QMS6	4.00e-28	819-918		beta sandwiches	jelly-roll	Calcium ATPase, transduction domain A	E1-E2_ATPase_N	10.13.1.2	
UniRef100_A0A317QMS6	1.90e-12	955-1015		N/A	N/A	N/A	Cation_ATPase_C_1	N/A	
UniRef100_A0A317QMS6	4.30e-06	1015-1030,1061-1081	NC	a/b three-layered sandwiches	HAD domain-like	HAD-like	Hydrolase_3_1	2006.1.1.42	
UniRef100_A0A317QMS6	2.20e-08	1106-1163		a+b complex topology	Metal cation-transporting ATPase, ATP-binding domain	Metal cation-transporting ATPase, ATP-binding domain	Cation_ATPase	267.1.1.3	
