#===========================================================================================
#  DOMAIN MAPPER v3.0.2
#  Johns Hopkins Univeristy - September 22nd, 2022
#  Edgar Manriquez-Sandoval, M.S. - Dept. of Biophysics
#  emanriq1@jhu.edu
#  & 
#  Stephen D. Fried, Ph.D. - Dept. of Chemistry
#  sdfried@jhu.edu
#===========================================================================================
#  Excecuted on:
#               2023-04-24 17:08:16.976056
#  Input HMM: 
#               C674.fasta_hmmscan_output.hmm.out
#  Output:
#               C674.fasta_hmmscan_output.mapped.out
#  Options:
#               Intra domain gap = 30
#               Inter domain gap = 30
#               overlap = 40
#               E-value cutoff = 1.00e-05
#  Domain Counts:
#               Total Proteins:      1         Total Domains:       2
#                                                        NC :   0 (0.00%)
#                                                        CP :   0 (0.00%)
#                                                        IS :   0 (0.00%)
#  Property Definitions:
#               CP = Circular Permutant Domain
#               NC = Non-Contiguous Domain
#               IS = InSertional Domain
#===========================================================================================
# Accession	E-Value	Residue Range	Property	Architecture	X-group	T-group	F-group	F-id
UniRef100_U2TEY8	7.60e-14	2-115		a/b three-layered sandwiches	Rossmann-like	NAD(P)-binding Rossmann-fold domains	GFO_IDH_MocA	2003.1.1.414	
UniRef100_U2TEY8	1.40e-12	139-258		a+b two layers	FwdE/GAPDH domain-like	Glyceraldehyde-3-phosphate dehydrogenase-like, C-terminal domain	GFO_IDH_MocA_C	298.1.1.27	
