#===========================================================================================
#  DOMAIN MAPPER v3.0.2
#  Johns Hopkins Univeristy - September 22nd, 2022
#  Edgar Manriquez-Sandoval, M.S. - Dept. of Biophysics
#  emanriq1@jhu.edu
#  & 
#  Stephen D. Fried, Ph.D. - Dept. of Chemistry
#  sdfried@jhu.edu
#===========================================================================================
#  Excecuted on:
#               2023-04-24 17:08:34.010322
#  Input HMM: 
#               C692.fasta_hmmscan_output.hmm.out
#  Output:
#               C692.fasta_hmmscan_output.mapped.out
#  Options:
#               Intra domain gap = 30
#               Inter domain gap = 30
#               overlap = 40
#               E-value cutoff = 1.00e-05
#  Domain Counts:
#               Total Proteins:      1         Total Domains:       3
#                                                        NC :   1 (33.33%)
#                                                        CP :   0 (0.00%)
#                                                        IS :   1 (33.33%)
#  Property Definitions:
#               CP = Circular Permutant Domain
#               NC = Non-Contiguous Domain
#               IS = InSertional Domain
#===========================================================================================
# Accession	E-Value	Residue Range	Property	Architecture	X-group	T-group	F-group	F-id
UniRef100_A0A090RSH8	9.40e-08	31-79		a+b two layers	Alpha-beta plaits	HMA, heavy metal-associated domain	HMA	304.3.1.7	
UniRef100_A0A090RSH8	1.90e-12	116-163,252-361	NC	alpha bundles	Calcium ATPase transmembrane domain-related	Copper efflux ATPase transmembrane domain	E1-E2_ATPase_C	5073.1.2.3	
UniRef100_A0A090RSH8	1.40e-25	197-287	IS	beta sandwiches	jelly-roll	Calcium ATPase, transduction domain A	E1-E2_ATPase_N	10.13.1.2	
