#===========================================================================================
#  DOMAIN MAPPER v3.0.2
#  Johns Hopkins Univeristy - September 22nd, 2022
#  Edgar Manriquez-Sandoval, M.S. - Dept. of Biophysics
#  emanriq1@jhu.edu
#  & 
#  Stephen D. Fried, Ph.D. - Dept. of Chemistry
#  sdfried@jhu.edu
#===========================================================================================
#  Excecuted on:
#               2023-04-24 17:09:01.248831
#  Input HMM: 
#               C724.fasta_hmmscan_output.hmm.out
#  Output:
#               C724.fasta_hmmscan_output.mapped.out
#  Options:
#               Intra domain gap = 30
#               Inter domain gap = 30
#               overlap = 40
#               E-value cutoff = 1.00e-05
#  Domain Counts:
#               Total Proteins:      2         Total Domains:       4
#                                                        NC :   0 (0.00%)
#                                                        CP :   0 (0.00%)
#                                                        IS :   0 (0.00%)
#  Property Definitions:
#               CP = Circular Permutant Domain
#               NC = Non-Contiguous Domain
#               IS = InSertional Domain
#===========================================================================================
# Accession	E-Value	Residue Range	Property	Architecture	X-group	T-group	F-group	F-id
CP006735.1_prot_AHB89148.1_1755	4.80e-07	39-80		a+b two layers	Alpha-beta plaits	HMA, heavy metal-associated domain	HMA	304.3.1.7	
CP006735.1_prot_AHB89148.1_1755	1.30e-08	499-608		a/b three-layered sandwiches	HAD domain-like	PIN domain-like	PIN_6	2006.1.4.7	
UniRef100_V5V6W9	4.80e-07	39-80		a+b two layers	Alpha-beta plaits	HMA, heavy metal-associated domain	HMA	304.3.1.7	
UniRef100_V5V6W9	1.30e-08	499-608		a/b three-layered sandwiches	HAD domain-like	PIN domain-like	PIN_6	2006.1.4.7	
