#===========================================================================================
#  DOMAIN MAPPER v3.0.2
#  Johns Hopkins Univeristy - September 22nd, 2022
#  Edgar Manriquez-Sandoval, M.S. - Dept. of Biophysics
#  emanriq1@jhu.edu
#  & 
#  Stephen D. Fried, Ph.D. - Dept. of Chemistry
#  sdfried@jhu.edu
#===========================================================================================
#  Excecuted on:
#               2023-04-24 17:09:12.304154
#  Input HMM: 
#               C735.fasta_hmmscan_output.hmm.out
#  Output:
#               C735.fasta_hmmscan_output.mapped.out
#  Options:
#               Intra domain gap = 30
#               Inter domain gap = 30
#               overlap = 40
#               E-value cutoff = 1.00e-05
#  Domain Counts:
#               Total Proteins:      1         Total Domains:       4
#                                                        NC :   2 (50.00%)
#                                                        CP :   0 (0.00%)
#                                                        IS :   3 (75.00%)
#  Property Definitions:
#               CP = Circular Permutant Domain
#               NC = Non-Contiguous Domain
#               IS = InSertional Domain
#===========================================================================================
# Accession	E-Value	Residue Range	Property	Architecture	X-group	T-group	F-group	F-id
UniRef100_R7KQ84	9.81e-20	166-219,309-420,667-740	NC	alpha bundles	Calcium ATPase transmembrane domain-related	Copper efflux ATPase transmembrane domain	E1-E2_ATPase_C	5073.1.2.3	
UniRef100_R7KQ84	5.60e-24	255-345	IS	beta sandwiches	jelly-roll	Calcium ATPase, transduction domain A	E1-E2_ATPase_N	10.13.1.2	
UniRef100_R7KQ84	2.70e-42	433-447,570-687	IS NC	a/b three-layered sandwiches	HAD domain-like	HAD-like	Hydrolase_3_1	2006.1.1.42	
UniRef100_R7KQ84	7.90e-24	448-569	IS	a+b complex topology	Metal cation-transporting ATPase, ATP-binding domain	Metal cation-transporting ATPase, ATP-binding domain	P-type_ATPase_Cu-like	267.1.1.5	
